\BOOKMARK [1][-]{section.1}{Warning!}{}% 1
\BOOKMARK [1][-]{section.2}{What's a database?}{}% 2
\BOOKMARK [2][-]{subsection.2.1}{This is a Linux Class not a SQL class, I hate this lecture}{section.2}% 3
\BOOKMARK [1][-]{section.3}{What is our goal today?}{}% 4
\BOOKMARK [1][-]{section.4}{Install PostgreSQL}{}% 5
\BOOKMARK [2][-]{subsection.4.1}{Intro}{section.4}% 6
\BOOKMARK [2][-]{subsection.4.2}{Create a new droplet}{section.4}% 7
\BOOKMARK [2][-]{subsection.4.3}{Install postgress}{section.4}% 8
\BOOKMARK [1][-]{section.5}{ Perform an inner join }{}% 9
\BOOKMARK [2][-]{subsection.5.1}{Create Table store}{section.5}% 10
\BOOKMARK [2][-]{subsection.5.2}{ Create Table warehouse }{section.5}% 11
\BOOKMARK [2][-]{subsection.5.3}{ Do the thing }{section.5}% 12
\BOOKMARK [1][-]{section.6}{ Configure server to be accessible on the internet }{}% 13
\BOOKMARK [2][-]{subsection.6.1}{postgresql.conf}{section.6}% 14
\BOOKMARK [2][-]{subsection.6.2}{pg\137hba.conf}{section.6}% 15
\BOOKMARK [2][-]{subsection.6.3}{Restart postgres}{section.6}% 16
\BOOKMARK [2][-]{subsection.6.4}{Connect remotely}{section.6}% 17
\BOOKMARK [1][-]{section.7}{A bit More Info}{}% 18
\BOOKMARK [1][-]{section.8}{ What's a Primary Key and Do I need One?}{}% 19
\BOOKMARK [1][-]{section.9}{ Questions }{}% 20
\BOOKMARK [1][-]{section.10}{Your exam}{}% 21
\BOOKMARK [1][-]{section.11}{A few bash commands}{}% 22
\BOOKMARK [2][-]{subsection.11.1}{curl}{section.11}% 23
\BOOKMARK [2][-]{subsection.11.2}{tmux}{section.11}% 24
\BOOKMARK [2][-]{subsection.11.3}{ ssh }{section.11}% 25
